<?xml version="1.0" encoding="UTF-8"?>
<testsuite name="Test1" tests="1" skipped="0" failures="0" errors="0" timestamp="2020-03-10T06:28:23" hostname="acer" time="1.727">
  <properties/>
  <testcase name="sendTheMessage3" classname="Test1" time="1.727"/>
  <system-out><![CDATA[]]></system-out>
  <system-err><![CDATA[]]></system-err>
</testsuite>
