<?xml version="1.0" encoding="UTF-8"?>
<testsuite name="Test1" tests="11" skipped="0" failures="1" errors="0" timestamp="2020-03-24T17:52:22" hostname="acer" time="32.951">
  <properties/>
  <testcase name="sendTheMessage" classname="Test1" time="13.57"/>
  <testcase name="languageEng" classname="Test1" time="12.572"/>
  <testcase name="sendTheMessage3" classname="Test1" time="2.692"/>
  <testcase name="sendTheMessage4" classname="Test1" time="2.953"/>
  <testcase name="sendTheMessage5" classname="Test1" time="4.65"/>
  <testcase name="languageRus" classname="Test1" time="8.037"/>
  <testcase name="sendTheMessage6" classname="Test1" time="3.335"/>
  <testcase name="activatingCheckboxes" classname="Test1" time="25.916">
    <failure message="java.lang.AssertionError: &#10;Expected: not an empty iterable&#10;     but: was &lt;{name: Чекбокcы от меня}&gt;" type="java.lang.AssertionError">java.lang.AssertionError: 
Expected: not an empty iterable
     but: was &lt;{name: Чекбокcы от меня}&gt;
	at io.qameta.htmlelements.extension.ShouldMethod$Extension.handle(ShouldMethod.java:29)
	at io.qameta.htmlelements.handler.WebBlockMethodHandler.lambda$invoke$2(WebBlockMethodHandler.java:65)
	at io.qameta.htmlelements.statement.RetryStatement.lambda$apply$1(RetryStatement.java:60)
	at io.qameta.htmlelements.statement.ListenerStatement.lambda$apply$3(ListenerStatement.java:37)
	at io.qameta.htmlelements.handler.WebBlockMethodHandler.invoke(WebBlockMethodHandler.java:72)
	at com.sun.proxy.$Proxy38.should(Unknown Source)
	at io.qameta.htmlelements.element.ExtendedList.should(ExtendedList.java:62)
	at java.lang.invoke.MethodHandle.invokeWithArguments(MethodHandle.java:627)
	at io.qameta.htmlelements.extension.DefaultMethod$Extension.handle(DefaultMethod.java:29)
	at io.qameta.htmlelements.handler.WebBlockMethodHandler.lambda$invoke$2(WebBlockMethodHandler.java:65)
	at io.qameta.htmlelements.statement.RetryStatement.lambda$apply$1(RetryStatement.java:60)
	at io.qameta.htmlelements.statement.ListenerStatement.lambda$apply$3(ListenerStatement.java:37)
	at io.qameta.htmlelements.handler.WebBlockMethodHandler.invoke(WebBlockMethodHandler.java:72)
	at com.sun.proxy.$Proxy38.should(Unknown Source)
	at Test1.checkActivatingCheckboxes_aroundBody14(Test1.java:127)
	at Test1$AjcClosure15.run(Test1.java:1)
	at org.aspectj.runtime.reflect.JoinPointImpl.proceed(JoinPointImpl.java:149)
	at io.qameta.allure.aspects.StepsAspects.step(StepsAspects.java:46)
	at Test1.checkActivatingCheckboxes(Test1.java:126)
	at Test1.activatingCheckboxes(Test1.java:216)
	at sun.reflect.NativeMethodAccessorImpl.invoke0(Native Method)
	at sun.reflect.NativeMethodAccessorImpl.invoke(NativeMethodAccessorImpl.java:62)
	at sun.reflect.DelegatingMethodAccessorImpl.invoke(DelegatingMethodAccessorImpl.java:43)
	at java.lang.reflect.Method.invoke(Method.java:498)
	at org.testng.internal.MethodInvocationHelper.invokeMethod(MethodInvocationHelper.java:124)
	at org.testng.internal.Invoker.invokeMethod(Invoker.java:583)
	at org.testng.internal.Invoker.invokeTestMethod(Invoker.java:719)
	at org.testng.internal.Invoker.invokeTestMethods(Invoker.java:989)
	at org.testng.internal.TestMethodWorker.invokeTestMethods(TestMethodWorker.java:125)
	at org.testng.internal.TestMethodWorker.run(TestMethodWorker.java:109)
	at org.testng.TestRunner.privateRun(TestRunner.java:648)
	at org.testng.TestRunner.run(TestRunner.java:505)
	at org.testng.SuiteRunner.runTest(SuiteRunner.java:455)
	at org.testng.SuiteRunner.access$000(SuiteRunner.java:40)
	at org.testng.SuiteRunner$SuiteWorker.run(SuiteRunner.java:489)
	at org.testng.internal.thread.ThreadUtil$1.call(ThreadUtil.java:52)
	at java.util.concurrent.FutureTask.run(FutureTask.java:266)
	at java.util.concurrent.ThreadPoolExecutor.runWorker(ThreadPoolExecutor.java:1149)
	at java.util.concurrent.ThreadPoolExecutor$Worker.run(ThreadPoolExecutor.java:624)
	at java.lang.Thread.run(Thread.java:748)
</failure>
  </testcase>
  <testcase name="deletingThree" classname="Test1" time="0.82"/>
  <testcase name="deletingTwo" classname="Test1" time="2.431"/>
  <testcase name="sendTheMessage7" classname="Test1" time="4.898"/>
  <system-out><![CDATA[]]></system-out>
  <system-err><![CDATA[45029 [TestNG-tests-1] INFO Test1 - Язык успешно сменен на: Русский
48518 [TestNG-tests-3] INFO Test1 - Сообщение успешно отправлено
52051 [TestNG-tests-3] INFO Test1 - Адрес отсутствует
53262 [TestNG-tests-1] INFO Test1 - Язык успешно сменен на: English
55009 [TestNG-tests-3] INFO Test1 - Адрес отсутствует
59661 [TestNG-tests-3] INFO Test1 - Сообщение успешно отправлено
64290 [TestNG-tests-2] INFO Test1 - Проверка прошла успешно
66727 [TestNG-tests-2] INFO Test1 - Проверка прошла успешно
]]></system-err>
</testsuite>
