<?xml version="1.0" encoding="UTF-8"?>
<testsuite name="Test1" tests="11" skipped="0" failures="0" errors="0" timestamp="2020-03-25T17:11:07" hostname="acer" time="27.623">
  <properties/>
  <testcase name="activatingCheckboxes" classname="Test1" time="2.69"/>
  <testcase name="sendTheMessage" classname="Test1" time="16.263"/>
  <testcase name="deletingThree" classname="Test1" time="10.489"/>
  <testcase name="languageEng" classname="Test1" time="15.534"/>
  <testcase name="deletingTwo" classname="Test1" time="3.121"/>
  <testcase name="sendTheMessage3" classname="Test1" time="4.987"/>
  <testcase name="sendTheMessage4" classname="Test1" time="1.548"/>
  <testcase name="languageRus" classname="Test1" time="7.013"/>
  <testcase name="sendTheMessage5" classname="Test1" time="3.739"/>
  <testcase name="sendTheMessage6" classname="Test1" time="2.373"/>
  <testcase name="sendTheMessage7" classname="Test1" time="2.251"/>
  <system-out><![CDATA[]]></system-out>
  <system-err><![CDATA[34806 [TestNG-tests-2] INFO Test1 - Проверка прошла успешно
44465 [TestNG-tests-3] INFO Test1 - Сообщение успешно отправлено
45773 [TestNG-tests-2] INFO Test1 - Проверка прошла успешно
48726 [TestNG-tests-1] INFO Test1 - Язык успешно сменен на: English
48899 [TestNG-tests-2] INFO Test1 - Проверка прошла успешно
51008 [TestNG-tests-3] INFO Test1 - Адрес отсутствует
57486 [TestNG-tests-3] INFO Test1 - Некорректный адрес
59739 [TestNG-tests-3] INFO Test1 - Некорректный адрес
]]></system-err>
</testsuite>
