<?xml version="1.0" encoding="UTF-8"?>
<testsuite name="Test1" tests="11" skipped="0" failures="0" errors="0" timestamp="2020-03-20T09:11:31" hostname="acer" time="114.5">
  <properties/>
  <testcase name="sendTheMessage" classname="Test1" time="20.028"/>
  <testcase name="activatingCheckboxes" classname="Test1" time="14.029"/>
  <testcase name="sendTheMessage3" classname="Test1" time="6.74"/>
  <testcase name="languageEng" classname="Test1" time="33.958"/>
  <testcase name="sendTheMessage4" classname="Test1" time="12.643"/>
  <testcase name="sendTheMessage5" classname="Test1" time="5.615"/>
  <testcase name="languageRus" classname="Test1" time="6.356"/>
  <testcase name="sendTheMessage6" classname="Test1" time="2.132"/>
  <testcase name="sendTheMessage7" classname="Test1" time="11.476"/>
  <testcase name="deletingThree" classname="Test1" time="36.925"/>
  <testcase name="deletingTwo" classname="Test1" time="50.243"/>
  <system-out><![CDATA[]]></system-out>
  <system-err><![CDATA[54048 [TestNG-tests-3] INFO Test1 - Сообщение успешно отправлено
61199 [TestNG-tests-1] INFO Test1 - Язык успешно сменен на: Русский
61404 [TestNG-tests-3] INFO Test1 - Адрес отсутствует
74054 [TestNG-tests-3] INFO Test1 - Адрес отсутствует
75497 [TestNG-tests-1] INFO Test1 - Язык успешно сменен на: English
79672 [TestNG-tests-3] INFO Test1 - Сообщение успешно отправлено
93292 [TestNG-tests-3] INFO Test1 - Некорректный адрес
148526 [TestNG-tests-2] INFO Test1 - Письма удалились
]]></system-err>
</testsuite>
